<?xml version="1.0" encoding="UTF-8"?>
<!-- Generated by org.testng.reporters.JUnitReportReporter -->
<testsuite hostname="LTIN297538" failures="0" tests="2" name="test.AccountsOverviewTest" time="14.854" errors="0" timestamp="2021-05-21T19:59:31 IST" skipped="0">
  <testcase classname="test.AccountsOverviewTest" name="login" time="11.425"/>
  <system-out/>
  <testcase classname="test.AccountsOverviewTest" name="transferFunds" time="3.429"/>
  <system-out/>
</testsuite> <!-- test.AccountsOverviewTest -->
