<?xml version="1.0" encoding="UTF-8"?>
<!-- Generated by org.testng.reporters.JUnitReportReporter -->
<testsuite hostname="LTIN297538" failures="0" tests="2" name="test.TransferFundsTest" time="22.254" errors="0" timestamp="2021-05-20T19:50:23 IST" skipped="0">
  <testcase classname="test.TransferFundsTest" name="transferFunds" time="11.400"/>
  <system-out/>
  <testcase classname="test.TransferFundsTest" name="login" time="10.854"/>
  <system-out/>
</testsuite> <!-- test.TransferFundsTest -->
