<?xml version="1.0" encoding="UTF-8"?>
<!-- Generated by org.testng.reporters.JUnitReportReporter -->
<testsuite hostname="LTIN297538" failures="0" tests="2" name="test.TransferFundsTest" time="18.687" errors="0" timestamp="2021-05-21T15:23:18 IST" skipped="0">
  <testcase classname="test.TransferFundsTest" name="login" time="11.035"/>
  <system-out/>
  <testcase classname="test.TransferFundsTest" name="transferFunds" time="7.652"/>
  <system-out/>
</testsuite> <!-- test.TransferFundsTest -->
